
Clover Version    1.300
       MPI Version
    OpenMP Version
   Task Count      1
 Thread Count:    32

 Clover will run from the following input:-

*clover                                                                                             
                                                                                                    
 state 1 density=0.2 energy=1.0                                                                     
 state 2 density=1.0 energy=2.5 geometry=rectangle xmin=0.0 xmax=5.0 ymin=0.0 ymax=2.0              
                                                                                                    
 x_cells=960                                                                                        
 y_cells=960                                                                                        
                                                                                                    
 xmin=0.0                                                                                           
 ymin=0.0                                                                                           
 xmax=10.0                                                                                          
 ymax=10.0                                                                                          
                                                                                                    
 initial_timestep=0.04                                                                              
 timestep_rise=1.5                                                                                  
 max_timestep=0.04                                                                                  
 end_step=20                                                                                        
 test_problem 2                                                                                     
                                                                                                    
*endclover                                                                                          

 Initialising and generating

 Reading input file

 Reading specification for state            1

            state density   0.2000E+00
             state energy   0.1000E+01

 Reading specification for state            2

            state density   0.1000E+01
             state energy   0.2500E+01
 state geometry rectangular
               state xmin   0.0000E+00
               state xmax   0.5000E+01
               state ymin   0.0000E+00
               state ymax   0.2000E+01

                   x_cells         960
                   y_cells         960
                      xmin  0.0000E+00
                      ymin  0.0000E+00
                      xmax  0.1000E+02
                      ymax  0.1000E+02
         initial_timestep   0.4000E-01
             timestep_rise  0.1500E+01
              max_timestep  0.4000E-01
                  end_step          20
              test_problem           2

     Using Fortran Kernels

 Input read finished.

 Setting up initial geometry


 Mesh ratio of    1.0000000000000000     
 Decomposing the mesh into            1  by            1  chunks
 Decomposing the chunk with            1  tiles

 Generating chunks

 Problem initialised and generated

 Time    0.0000000000000000     
                       Volume            Mass         Density        Pressure Internal Energy  Kinetic Energy    Total Energy
 step:      0      0.1000E+03      0.2800E+02      0.2800E+00      0.1720E+00      0.4300E+02      0.0000E+00      0.4300E+02

 Starting the calculation
 Step       1 time   0.0000000 control    sound    timestep   6.16E-03       1,       1 x  5.21E-03 y  5.21E-03
 Wall clock    9.3285799026489258E-002
 Average time per cell    1.0122157012422880E-007
 Step time per cell       1.0122157012422880E-007
 Step       2 time   0.0061626 control    sound    timestep   3.76E-03       1,       1 x  5.21E-03 y  5.21E-03
 Wall clock   0.18105483055114746     
 Average time per cell    9.8228532200058298E-008
 Step time per cell       9.5181167125701907E-008
 Step       3 time   0.0099242 control    sound    timestep   4.78E-03       1,       1 x  5.21E-03 y  5.21E-03
 Wall clock   0.27844381332397461     
 Average time per cell    1.0071029127747925E-007
 Step time per cell       1.0556412032908864E-007
 Step       4 time   0.0147037 control    sound    timestep   5.04E-03       1,       1 x  5.21E-03 y  5.21E-03
 Wall clock   0.38034081459045410     
 Average time per cell    1.0317404909680287E-007
 Step time per cell       1.1049366245667140E-007
 Step       5 time   0.0197397 control    sound    timestep   5.54E-03       1,       1 x  5.21E-03 y  5.21E-03
 Wall clock   0.46810579299926758     
 Average time per cell    1.0158545855018828E-007
 Step time per cell       9.5166938586367499E-008
 Step       6 time   0.0252815 control    sound    timestep   5.53E-03       1,       1 x  5.21E-03 y  5.21E-03
 Wall clock   0.55571198463439941     
 Average time per cell    1.0049768240639457E-007
 Step time per cell       9.4995678712924321E-008
 Step       7 time   0.0308107 control    sound    timestep   5.63E-03       1,       1 x  5.21E-03 y  5.21E-03
 Wall clock   0.64516878128051758     
 Average time per cell    1.0000756158242150E-007
 Step time per cell       9.7009405079815126E-008
 Step       8 time   0.0364452 control    sound    timestep   5.93E-03       1,       1 x  5.21E-03 y  5.21E-03
 Wall clock   0.73660087585449219     
 Average time per cell    9.9907887892590625E-008
 Step time per cell       9.9148083892133500E-008
 Step       9 time   0.0423713 control    sound    timestep   5.86E-03       1,       1 x  5.21E-03 y  5.21E-03
 Wall clock   0.83157682418823242     
 Average time per cell    1.0025762251497786E-007
 Step time per cell       1.0298720250527064E-007
 Step      10 time   0.0482336 control    sound    timestep   5.82E-03       1,       1 x  5.21E-03 y  5.21E-03

 Time    5.4054230746582305E-002
                       Volume            Mass         Density        Pressure Internal Energy  Kinetic Energy    Total Energy
 step:     10      0.1000E+03      0.2800E+02      0.2800E+00      0.1715E+00      0.4286E+02      0.1272E+00      0.4299E+02

 Wall clock   0.92895197868347168     
 Average time per cell    1.0079774074256420E-007
 Step time per cell       1.0558921429846021E-007
 Step      11 time   0.0540542 control    sound    timestep   5.78E-03       1,       1 x  5.21E-03 y  5.21E-03
 Wall clock    1.0319268703460693     
 Average time per cell    1.0179202871942760E-007
 Step time per cell       1.1168834235933092E-007
 Step      12 time   0.0598338 control    sound    timestep   5.76E-03       1,       1 x  5.21E-03 y  5.21E-03
 Wall clock    1.1265678405761719     
 Average time per cell    1.0186702840858036E-007
 Step time per cell       1.0260949946112103E-007
 Step      13 time   0.0655905 control    sound    timestep   5.77E-03       1,       1 x  5.21E-03 y  5.21E-03
 Wall clock    1.2368068695068359     
 Average time per cell    1.0323241098314268E-007
 Step time per cell       1.1954534177978835E-007
 Step      14 time   0.0713614 control    sound    timestep   5.79E-03       1,       1 x  5.21E-03 y  5.21E-03
 Wall clock    1.3368368148803711     
 Average time per cell    1.0361148428822321E-007
 Step time per cell       1.0844837460252974E-007
 Step      15 time   0.0771552 control    sound    timestep   5.80E-03       1,       1 x  5.21E-03 y  5.21E-03
 Wall clock    1.4391298294067383     
 Average time per cell    1.0410372029851984E-007
 Step time per cell       1.1092983186244965E-007
 Step      16 time   0.0829578 control    sound    timestep   5.80E-03       1,       1 x  5.21E-03 y  5.21E-03
 Wall clock    1.5473718643188477     
 Average time per cell    1.0493787057283852E-007
 Step time per cell       1.1736656435661846E-007
 Step      17 time   0.0887628 control    sound    timestep   5.81E-03       1,       1 x  5.21E-03 y  5.21E-03
 Wall clock    1.6500399112701416     
 Average time per cell    1.0531811116665017E-007
 Step time per cell       1.1128476924366421E-007
 Step      18 time   0.0945706 control    sound    timestep   5.81E-03       1,       1 x  5.21E-03 y  5.21E-03
 Wall clock    1.7509479522705078     
 Average time per cell    1.0555000676784987E-007
 Step time per cell       1.0935124009847642E-007
 Step      19 time   0.1003799 control    sound    timestep   5.81E-03       1,       1 x  5.21E-03 y  5.21E-03
 Wall clock    1.8572738170623779     
 Average time per cell    1.0606689836110985E-007
 Step time per cell       1.1531558508674303E-007
 Step      20 time   0.1061897 control    sound    timestep   5.81E-03       1,       1 x  5.21E-03 y  5.21E-03

 Time   0.11200041577533880     
                       Volume            Mass         Density        Pressure Internal Energy  Kinetic Energy    Total Energy
 step:     20      0.1000E+03      0.2800E+02      0.2800E+00      0.1709E+00      0.4272E+02      0.2696E+00      0.4299E+02


 Time   0.11200041577533880     
                       Volume            Mass         Density        Pressure Internal Energy  Kinetic Energy    Total Energy
 step:     20      0.1000E+03      0.2800E+02      0.2800E+00      0.1709E+00      0.4272E+02      0.2696E+00      0.4299E+02

Test problem   2 is within   0.7740344E+02% of the expected solution
 This is test is considered NOT PASSED

 Calculation complete
 Clover is finishing
 Wall clock    1.9641427993774414     
 First step overhead   5.5668354034423828E-003
